<?xml version="1.0" encoding="UTF-8"?>
<!-- Generated by org.testng.reporters.JUnitXMLReporter -->
<testsuite ignored="0" hostname="PRXSION-SONALI" failures="0" tests="2" name="Surefire test" time="28.174" errors="0" timestamp="2024-08-06T01:05:37 IST">
  <testcase classname="io.cucumber.testng.AbstractTestNGCucumberTests" name="runScenario" time="15.147"/>
  <testcase classname="io.cucumber.testng.AbstractTestNGCucumberTests" name="runScenario" time="11.538"/>
</testsuite> <!-- Surefire test -->
